{"/Users/zakariaelbahy/m-motors-backend/src/middleware/auth.ts": {"path":"/Users/zakariaelbahy/m-motors-backend/src/middleware/auth.ts","statementMap":{"0":{"start":{"line":15,"column":0},"end":{"line":15,"column":16}},"1":{"start":{"line":37,"column":0},"end":{"line":37,"column":16}},"2":{"start":{"line":2,"column":0},"end":{"line":2,"column":31}},"3":{"start":{"line":3,"column":0},"end":{"line":3,"column":35}},"4":{"start":{"line":16,"column":21},"end":{"line":16,"column":49}},"5":{"start":{"line":17,"column":16},"end":{"line":17,"column":54}},"6":{"start":{"line":19,"column":2},"end":{"line":21,"column":3}},"7":{"start":{"line":20,"column":4},"end":{"line":20,"column":63}},"8":{"start":{"line":23,"column":2},"end":{"line":33,"column":3}},"9":{"start":{"line":24,"column":20},"end":{"line":24,"column":63}},"10":{"start":{"line":25,"column":4},"end":{"line":29,"column":6}},"11":{"start":{"line":30,"column":4},"end":{"line":30,"column":11}},"12":{"start":{"line":32,"column":4},"end":{"line":32,"column":63}},"13":{"start":{"line":38,"column":2},"end":{"line":46,"column":4}},"14":{"start":{"line":39,"column":4},"end":{"line":41,"column":5}},"15":{"start":{"line":40,"column":6},"end":{"line":40,"column":66}},"16":{"start":{"line":42,"column":4},"end":{"line":44,"column":5}},"17":{"start":{"line":43,"column":6},"end":{"line":43,"column":63}},"18":{"start":{"line":45,"column":4},"end":{"line":45,"column":11}}},"fnMap":{"0":{"name":"authenticateToken","decl":{"start":{"line":15,"column":16},"end":{"line":15,"column":33}},"loc":{"start":{"line":15,"column":94},"end":{"line":34,"column":1}}},"1":{"name":"requireRole","decl":{"start":{"line":37,"column":16},"end":{"line":37,"column":27}},"loc":{"start":{"line":37,"column":40},"end":{"line":47,"column":1}}},"2":{"name":"(anonymous_3)","decl":{"start":{"line":38,"column":9},"end":{"line":38,"column":10}},"loc":{"start":{"line":38,"column":74},"end":{"line":46,"column":3}}}},"branchMap":{"0":{"loc":{"start":{"line":17,"column":16},"end":{"line":17,"column":54}},"type":"binary-expr","locations":[{"start":{"line":17,"column":16},"end":{"line":17,"column":26}},{"start":{"line":17,"column":30},"end":{"line":17,"column":54}}]},"1":{"loc":{"start":{"line":19,"column":2},"end":{"line":21,"column":3}},"type":"if","locations":[{"start":{"line":19,"column":2},"end":{"line":21,"column":3}},{"start":{},"end":{}}]},"2":{"loc":{"start":{"line":39,"column":4},"end":{"line":41,"column":5}},"type":"if","locations":[{"start":{"line":39,"column":4},"end":{"line":41,"column":5}},{"start":{},"end":{}}]},"3":{"loc":{"start":{"line":42,"column":4},"end":{"line":44,"column":5}},"type":"if","locations":[{"start":{"line":42,"column":4},"end":{"line":44,"column":5}},{"start":{},"end":{}}]}},"s":{"0":8,"1":8,"2":8,"3":8,"4":60,"5":60,"6":60,"7":5,"8":55,"9":55,"10":54,"11":54,"12":1,"13":32,"14":14,"15":0,"16":14,"17":3,"18":11},"f":{"0":60,"1":32,"2":14},"b":{"0":[60,56],"1":[5,55],"2":[0,14],"3":[3,11]}}
,"/Users/zakariaelbahy/m-motors-backend/src/routes/admin.ts": {"path":"/Users/zakariaelbahy/m-motors-backend/src/routes/admin.ts","statementMap":{"0":{"start":{"line":1,"column":0},"end":{"line":1,"column":33}},"1":{"start":{"line":2,"column":0},"end":{"line":2,"column":46}},"2":{"start":{"line":3,"column":0},"end":{"line":3,"column":90}},"3":{"start":{"line":5,"column":15},"end":{"line":5,"column":23}},"4":{"start":{"line":6,"column":15},"end":{"line":6,"column":33}},"5":{"start":{"line":9,"column":0},"end":{"line":27,"column":3}},"6":{"start":{"line":10,"column":2},"end":{"line":26,"column":3}},"7":{"start":{"line":11,"column":21},"end":{"line":21,"column":6}},"8":{"start":{"line":22,"column":4},"end":{"line":22,"column":23}},"9":{"start":{"line":24,"column":24},"end":{"line":24,"column":113}},"10":{"start":{"line":25,"column":4},"end":{"line":25,"column":56}},"11":{"start":{"line":30,"column":0},"end":{"line":67,"column":3}},"12":{"start":{"line":31,"column":2},"end":{"line":66,"column":3}},"13":{"start":{"line":32,"column":32},"end":{"line":32,"column":40}},"14":{"start":{"line":35,"column":21},"end":{"line":37,"column":6}},"15":{"start":{"line":38,"column":4},"end":{"line":38,"column":83}},"16":{"start":{"line":38,"column":19},"end":{"line":38,"column":83}},"17":{"start":{"line":40,"column":20},"end":{"line":47,"column":6}},"18":{"start":{"line":49,"column":4},"end":{"line":57,"column":7}},"19":{"start":{"line":60,"column":24},"end":{"line":60,"column":223}},"20":{"start":{"line":62,"column":4},"end":{"line":62,"column":22}},"21":{"start":{"line":64,"column":24},"end":{"line":64,"column":126}},"22":{"start":{"line":65,"column":4},"end":{"line":65,"column":56}},"23":{"start":{"line":69,"column":0},"end":{"line":69,"column":22}},"24":{"start":{"line":76,"column":85},"end":{"line":76,"column":46116}},"25":{"start":{"line":76,"column":89},"end":{"line":76,"column":46088}},"26":{"start":{"line":76,"column":46098},"end":{"line":76,"column":46115}},"27":{"start":{"line":76,"column":46231},"end":{"line":76,"column":46237}},"28":{"start":{"line":76,"column":46352},"end":{"line":76,"column":46358}},"29":{"start":{"line":76,"column":46473},"end":{"line":76,"column":46479}},"30":{"start":{"line":76,"column":46598},"end":{"line":76,"column":46604}},"31":{"start":{"line":76,"column":46748},"end":{"line":76,"column":46754}}},"fnMap":{"0":{"name":"(anonymous_0)","decl":{"start":{"line":9,"column":65},"end":{"line":9,"column":70}},"loc":{"start":{"line":9,"column":84},"end":{"line":27,"column":1}}},"1":{"name":"(anonymous_1)","decl":{"start":{"line":30,"column":78},"end":{"line":30,"column":83}},"loc":{"start":{"line":30,"column":119},"end":{"line":67,"column":1}}},"2":{"name":"oo_cm","decl":{"start":{"line":76,"column":77},"end":{"line":76,"column":82}},"loc":{"start":{"line":76,"column":82},"end":{"line":76,"column":46117}}}},"branchMap":{"0":{"loc":{"start":{"line":38,"column":4},"end":{"line":38,"column":83}},"type":"if","locations":[{"start":{"line":38,"column":4},"end":{"line":38,"column":83}},{"start":{},"end":{}}]},"1":{"loc":{"start":{"line":44,"column":22},"end":{"line":44,"column":42}},"type":"binary-expr","locations":[{"start":{"line":44,"column":22},"end":{"line":44,"column":29}},{"start":{"line":44,"column":33},"end":{"line":44,"column":42}}]},"2":{"loc":{"start":{"line":55,"column":17},"end":{"line":55,"column":37}},"type":"binary-expr","locations":[{"start":{"line":55,"column":17},"end":{"line":55,"column":24}},{"start":{"line":55,"column":28},"end":{"line":55,"column":37}}]},"3":{"loc":{"start":{"line":60,"column":200},"end":{"line":60,"column":218}},"type":"binary-expr","locations":[{"start":{"line":60,"column":200},"end":{"line":60,"column":207}},{"start":{"line":60,"column":211},"end":{"line":60,"column":218}}]},"4":{"loc":{"start":{"line":76,"column":96},"end":{"line":76,"column":46087}},"type":"binary-expr","locations":[{"start":{"line":76,"column":96},"end":{"line":76,"column":133}},{"start":{"line":76,"column":137},"end":{"line":76,"column":46087}}]}},"s":{"0":8,"1":8,"2":8,"3":8,"4":8,"5":8,"6":2,"7":2,"8":2,"9":0,"10":0,"11":8,"12":6,"13":6,"14":6,"15":6,"16":1,"17":5,"18":5,"19":5,"20":5,"21":0,"22":0,"23":8,"24":5,"25":5,"26":0,"27":8,"28":8,"29":8,"30":8,"31":8},"f":{"0":2,"1":6,"2":5},"b":{"0":[1,5],"1":[5,5],"2":[5,5],"3":[5,5],"4":[5,1]}}
,"/Users/zakariaelbahy/m-motors-backend/src/routes/appointments.ts": {"path":"/Users/zakariaelbahy/m-motors-backend/src/routes/appointments.ts","statementMap":{"0":{"start":{"line":1,"column":0},"end":{"line":1,"column":33}},"1":{"start":{"line":2,"column":0},"end":{"line":2,"column":46}},"2":{"start":{"line":3,"column":0},"end":{"line":3,"column":90}},"3":{"start":{"line":5,"column":15},"end":{"line":5,"column":23}},"4":{"start":{"line":6,"column":15},"end":{"line":6,"column":33}},"5":{"start":{"line":9,"column":0},"end":{"line":42,"column":3}},"6":{"start":{"line":10,"column":2},"end":{"line":41,"column":3}},"7":{"start":{"line":11,"column":36},"end":{"line":11,"column":44}},"8":{"start":{"line":13,"column":4},"end":{"line":13,"column":90}},"9":{"start":{"line":13,"column":19},"end":{"line":13,"column":90}},"10":{"start":{"line":16,"column":20},"end":{"line":16,"column":81}},"11":{"start":{"line":17,"column":4},"end":{"line":17,"column":83}},"12":{"start":{"line":17,"column":18},"end":{"line":17,"column":83}},"13":{"start":{"line":20,"column":21},"end":{"line":22,"column":6}},"14":{"start":{"line":23,"column":4},"end":{"line":25,"column":5}},"15":{"start":{"line":24,"column":6},"end":{"line":24,"column":95}},"16":{"start":{"line":27,"column":24},"end":{"line":35,"column":6}},"17":{"start":{"line":37,"column":4},"end":{"line":37,"column":26}},"18":{"start":{"line":39,"column":24},"end":{"line":39,"column":115}},"19":{"start":{"line":40,"column":4},"end":{"line":40,"column":56}},"20":{"start":{"line":45,"column":0},"end":{"line":56,"column":3}},"21":{"start":{"line":46,"column":2},"end":{"line":55,"column":3}},"22":{"start":{"line":47,"column":25},"end":{"line":51,"column":6}},"23":{"start":{"line":52,"column":4},"end":{"line":52,"column":27}},"24":{"start":{"line":54,"column":4},"end":{"line":54,"column":56}},"25":{"start":{"line":59,"column":0},"end":{"line":69,"column":3}},"26":{"start":{"line":60,"column":2},"end":{"line":68,"column":3}},"27":{"start":{"line":61,"column":25},"end":{"line":64,"column":6}},"28":{"start":{"line":65,"column":4},"end":{"line":65,"column":27}},"29":{"start":{"line":67,"column":4},"end":{"line":67,"column":56}},"30":{"start":{"line":72,"column":0},"end":{"line":87,"column":3}},"31":{"start":{"line":73,"column":2},"end":{"line":86,"column":3}},"32":{"start":{"line":74,"column":32},"end":{"line":74,"column":40}},"33":{"start":{"line":76,"column":20},"end":{"line":80,"column":6}},"34":{"start":{"line":82,"column":24},"end":{"line":82,"column":154}},"35":{"start":{"line":83,"column":4},"end":{"line":83,"column":22}},"36":{"start":{"line":85,"column":4},"end":{"line":85,"column":56}},"37":{"start":{"line":89,"column":0},"end":{"line":89,"column":22}},"38":{"start":{"line":96,"column":85},"end":{"line":96,"column":46116}},"39":{"start":{"line":96,"column":89},"end":{"line":96,"column":46088}},"40":{"start":{"line":96,"column":46098},"end":{"line":96,"column":46115}},"41":{"start":{"line":96,"column":46231},"end":{"line":96,"column":46237}},"42":{"start":{"line":96,"column":46352},"end":{"line":96,"column":46358}},"43":{"start":{"line":96,"column":46473},"end":{"line":96,"column":46479}},"44":{"start":{"line":96,"column":46598},"end":{"line":96,"column":46604}},"45":{"start":{"line":96,"column":46748},"end":{"line":96,"column":46754}}},"fnMap":{"0":{"name":"(anonymous_0)","decl":{"start":{"line":9,"column":36},"end":{"line":9,"column":41}},"loc":{"start":{"line":9,"column":77},"end":{"line":42,"column":1}}},"1":{"name":"(anonymous_1)","decl":{"start":{"line":45,"column":39},"end":{"line":45,"column":44}},"loc":{"start":{"line":45,"column":80},"end":{"line":56,"column":1}}},"2":{"name":"(anonymous_2)","decl":{"start":{"line":59,"column":62},"end":{"line":59,"column":67}},"loc":{"start":{"line":59,"column":81},"end":{"line":69,"column":1}}},"3":{"name":"(anonymous_3)","decl":{"start":{"line":72,"column":75},"end":{"line":72,"column":80}},"loc":{"start":{"line":72,"column":116},"end":{"line":87,"column":1}}},"4":{"name":"oo_cm","decl":{"start":{"line":96,"column":77},"end":{"line":96,"column":82}},"loc":{"start":{"line":96,"column":82},"end":{"line":96,"column":46117}}}},"branchMap":{"0":{"loc":{"start":{"line":13,"column":4},"end":{"line":13,"column":90}},"type":"if","locations":[{"start":{"line":13,"column":4},"end":{"line":13,"column":90}},{"start":{},"end":{}}]},"1":{"loc":{"start":{"line":17,"column":4},"end":{"line":17,"column":83}},"type":"if","locations":[{"start":{"line":17,"column":4},"end":{"line":17,"column":83}},{"start":{},"end":{}}]},"2":{"loc":{"start":{"line":23,"column":4},"end":{"line":25,"column":5}},"type":"if","locations":[{"start":{"line":23,"column":4},"end":{"line":25,"column":5}},{"start":{},"end":{}}]},"3":{"loc":{"start":{"line":78,"column":31},"end":{"line":78,"column":51}},"type":"binary-expr","locations":[{"start":{"line":78,"column":31},"end":{"line":78,"column":38}},{"start":{"line":78,"column":42},"end":{"line":78,"column":51}}]},"4":{"loc":{"start":{"line":96,"column":96},"end":{"line":96,"column":46087}},"type":"binary-expr","locations":[{"start":{"line":96,"column":96},"end":{"line":96,"column":133}},{"start":{"line":96,"column":137},"end":{"line":96,"column":46087}}]}},"s":{"0":8,"1":8,"2":8,"3":8,"4":8,"5":8,"6":7,"7":7,"8":7,"9":1,"10":6,"11":6,"12":1,"13":5,"14":5,"15":1,"16":4,"17":4,"18":0,"19":0,"20":8,"21":1,"22":1,"23":1,"24":0,"25":8,"26":1,"27":1,"28":1,"29":0,"30":8,"31":2,"32":2,"33":2,"34":1,"35":1,"36":1,"37":8,"38":1,"39":1,"40":0,"41":8,"42":8,"43":8,"44":8,"45":8},"f":{"0":7,"1":1,"2":1,"3":2,"4":1},"b":{"0":[1,6],"1":[1,5],"2":[1,4],"3":[2,2],"4":[1,1]}}
,"/Users/zakariaelbahy/m-motors-backend/src/routes/auth.ts": {"path":"/Users/zakariaelbahy/m-motors-backend/src/routes/auth.ts","statementMap":{"0":{"start":{"line":1,"column":0},"end":{"line":1,"column":33}},"1":{"start":{"line":2,"column":0},"end":{"line":2,"column":28}},"2":{"start":{"line":3,"column":0},"end":{"line":3,"column":31}},"3":{"start":{"line":4,"column":0},"end":{"line":4,"column":35}},"4":{"start":{"line":5,"column":0},"end":{"line":5,"column":46}},"5":{"start":{"line":6,"column":0},"end":{"line":6,"column":77}},"6":{"start":{"line":8,"column":15},"end":{"line":8,"column":23}},"7":{"start":{"line":9,"column":15},"end":{"line":9,"column":33}},"8":{"start":{"line":14,"column":0},"end":{"line":53,"column":3}},"9":{"start":{"line":15,"column":2},"end":{"line":52,"column":3}},"10":{"start":{"line":16,"column":53},"end":{"line":16,"column":61}},"11":{"start":{"line":19,"column":21},"end":{"line":19,"column":71}},"12":{"start":{"line":20,"column":4},"end":{"line":22,"column":5}},"13":{"start":{"line":21,"column":6},"end":{"line":21,"column":69}},"14":{"start":{"line":25,"column":25},"end":{"line":25,"column":56}},"15":{"start":{"line":28,"column":17},"end":{"line":30,"column":6}},"16":{"start":{"line":33,"column":18},"end":{"line":36,"column":null}},"17":{"start":{"line":39,"column":4},"end":{"line":48,"column":7}},"18":{"start":{"line":50,"column":24},"end":{"line":50,"column":82}},"19":{"start":{"line":51,"column":4},"end":{"line":51,"column":56}},"20":{"start":{"line":58,"column":0},"end":{"line":92,"column":3}},"21":{"start":{"line":59,"column":2},"end":{"line":91,"column":3}},"22":{"start":{"line":60,"column":32},"end":{"line":60,"column":40}},"23":{"start":{"line":62,"column":17},"end":{"line":62,"column":67}},"24":{"start":{"line":63,"column":4},"end":{"line":65,"column":5}},"25":{"start":{"line":64,"column":6},"end":{"line":64,"column":82}},"26":{"start":{"line":67,"column":18},"end":{"line":67,"column":67}},"27":{"start":{"line":68,"column":4},"end":{"line":70,"column":5}},"28":{"start":{"line":69,"column":6},"end":{"line":69,"column":82}},"29":{"start":{"line":72,"column":18},"end":{"line":75,"column":null}},"30":{"start":{"line":78,"column":4},"end":{"line":87,"column":7}},"31":{"start":{"line":89,"column":24},"end":{"line":89,"column":82}},"32":{"start":{"line":90,"column":4},"end":{"line":90,"column":56}},"33":{"start":{"line":97,"column":0},"end":{"line":107,"column":3}},"34":{"start":{"line":98,"column":2},"end":{"line":106,"column":3}},"35":{"start":{"line":99,"column":17},"end":{"line":102,"column":6}},"36":{"start":{"line":103,"column":4},"end":{"line":103,"column":19}},"37":{"start":{"line":105,"column":4},"end":{"line":105,"column":56}},"38":{"start":{"line":109,"column":0},"end":{"line":109,"column":22}},"39":{"start":{"line":116,"column":85},"end":{"line":116,"column":46116}},"40":{"start":{"line":116,"column":89},"end":{"line":116,"column":46088}},"41":{"start":{"line":116,"column":46098},"end":{"line":116,"column":46115}},"42":{"start":{"line":116,"column":46231},"end":{"line":116,"column":46237}},"43":{"start":{"line":116,"column":46352},"end":{"line":116,"column":46358}},"44":{"start":{"line":116,"column":46473},"end":{"line":116,"column":46479}},"45":{"start":{"line":116,"column":46598},"end":{"line":116,"column":46604}},"46":{"start":{"line":116,"column":46748},"end":{"line":116,"column":46754}}},"fnMap":{"0":{"name":"(anonymous_1)","decl":{"start":{"line":14,"column":25},"end":{"line":14,"column":30}},"loc":{"start":{"line":14,"column":44},"end":{"line":53,"column":1}}},"1":{"name":"(anonymous_2)","decl":{"start":{"line":58,"column":22},"end":{"line":58,"column":27}},"loc":{"start":{"line":58,"column":41},"end":{"line":92,"column":1}}},"2":{"name":"(anonymous_3)","decl":{"start":{"line":97,"column":37},"end":{"line":97,"column":42}},"loc":{"start":{"line":97,"column":78},"end":{"line":107,"column":1}}},"3":{"name":"oo_cm","decl":{"start":{"line":116,"column":77},"end":{"line":116,"column":82}},"loc":{"start":{"line":116,"column":82},"end":{"line":116,"column":46117}}}},"branchMap":{"0":{"loc":{"start":{"line":20,"column":4},"end":{"line":22,"column":5}},"type":"if","locations":[{"start":{"line":20,"column":4},"end":{"line":22,"column":5}},{"start":{},"end":{}}]},"1":{"loc":{"start":{"line":63,"column":4},"end":{"line":65,"column":5}},"type":"if","locations":[{"start":{"line":63,"column":4},"end":{"line":65,"column":5}},{"start":{},"end":{}}]},"2":{"loc":{"start":{"line":68,"column":4},"end":{"line":70,"column":5}},"type":"if","locations":[{"start":{"line":68,"column":4},"end":{"line":70,"column":5}},{"start":{},"end":{}}]},"3":{"loc":{"start":{"line":116,"column":96},"end":{"line":116,"column":46087}},"type":"binary-expr","locations":[{"start":{"line":116,"column":96},"end":{"line":116,"column":133}},{"start":{"line":116,"column":137},"end":{"line":116,"column":46087}}]}},"s":{"0":8,"1":8,"2":8,"3":8,"4":8,"5":8,"6":8,"7":8,"8":8,"9":46,"10":46,"11":46,"12":46,"13":1,"14":45,"15":44,"16":44,"17":44,"18":1,"19":1,"20":8,"21":14,"22":14,"23":14,"24":13,"25":2,"26":11,"27":11,"28":0,"29":11,"30":11,"31":1,"32":1,"33":8,"34":1,"35":1,"36":1,"37":0,"38":8,"39":2,"40":2,"41":0,"42":8,"43":8,"44":8,"45":8,"46":8},"f":{"0":46,"1":14,"2":1,"3":2},"b":{"0":[1,45],"1":[2,11],"2":[0,11],"3":[2,1]}}
,"/Users/zakariaelbahy/m-motors-backend/src/routes/documents.ts": {"path":"/Users/zakariaelbahy/m-motors-backend/src/routes/documents.ts","statementMap":{"0":{"start":{"line":1,"column":0},"end":{"line":1,"column":33}},"1":{"start":{"line":2,"column":0},"end":{"line":2,"column":28}},"2":{"start":{"line":3,"column":0},"end":{"line":3,"column":46}},"3":{"start":{"line":4,"column":0},"end":{"line":4,"column":24}},"4":{"start":{"line":5,"column":0},"end":{"line":5,"column":20}},"5":{"start":{"line":6,"column":0},"end":{"line":6,"column":77}},"6":{"start":{"line":8,"column":15},"end":{"line":8,"column":23}},"7":{"start":{"line":9,"column":15},"end":{"line":9,"column":33}},"8":{"start":{"line":11,"column":18},"end":{"line":11,"column":65}},"9":{"start":{"line":12,"column":0},"end":{"line":12,"column":76}},"10":{"start":{"line":12,"column":31},"end":{"line":12,"column":76}},"11":{"start":{"line":14,"column":16},"end":{"line":20,"column":2}},"12":{"start":{"line":15,"column":34},"end":{"line":15,"column":53}},"13":{"start":{"line":17,"column":19},"end":{"line":17,"column":69}},"14":{"start":{"line":18,"column":4},"end":{"line":18,"column":55}},"15":{"start":{"line":22,"column":15},"end":{"line":30,"column":2}},"16":{"start":{"line":26,"column":20},"end":{"line":26,"column":66}},"17":{"start":{"line":27,"column":4},"end":{"line":28,"column":73}},"18":{"start":{"line":27,"column":41},"end":{"line":27,"column":56}},"19":{"start":{"line":28,"column":9},"end":{"line":28,"column":73}},"20":{"start":{"line":33,"column":0},"end":{"line":55,"column":3}},"21":{"start":{"line":34,"column":2},"end":{"line":54,"column":3}},"22":{"start":{"line":35,"column":26},"end":{"line":35,"column":34}},"23":{"start":{"line":36,"column":17},"end":{"line":36,"column":25}},"24":{"start":{"line":38,"column":4},"end":{"line":38,"column":76}},"25":{"start":{"line":38,"column":15},"end":{"line":38,"column":76}},"26":{"start":{"line":40,"column":21},"end":{"line":48,"column":6}},"27":{"start":{"line":50,"column":4},"end":{"line":50,"column":23}},"28":{"start":{"line":52,"column":24},"end":{"line":52,"column":119}},"29":{"start":{"line":53,"column":4},"end":{"line":53,"column":79}},"30":{"start":{"line":57,"column":0},"end":{"line":57,"column":22}},"31":{"start":{"line":65,"column":85},"end":{"line":65,"column":46116}},"32":{"start":{"line":65,"column":89},"end":{"line":65,"column":46088}},"33":{"start":{"line":65,"column":46098},"end":{"line":65,"column":46115}},"34":{"start":{"line":65,"column":46231},"end":{"line":65,"column":46237}},"35":{"start":{"line":65,"column":46352},"end":{"line":65,"column":46358}},"36":{"start":{"line":65,"column":46473},"end":{"line":65,"column":46479}},"37":{"start":{"line":65,"column":46598},"end":{"line":65,"column":46604}},"38":{"start":{"line":65,"column":46748},"end":{"line":65,"column":46754}}},"fnMap":{"0":{"name":"(anonymous_1)","decl":{"start":{"line":15,"column":15},"end":{"line":15,"column":16}},"loc":{"start":{"line":15,"column":34},"end":{"line":15,"column":53}}},"1":{"name":"(anonymous_2)","decl":{"start":{"line":16,"column":12},"end":{"line":16,"column":13}},"loc":{"start":{"line":16,"column":30},"end":{"line":19,"column":3}}},"2":{"name":"(anonymous_3)","decl":{"start":{"line":25,"column":14},"end":{"line":25,"column":15}},"loc":{"start":{"line":25,"column":32},"end":{"line":29,"column":3}}},"3":{"name":"(anonymous_4)","decl":{"start":{"line":33,"column":59},"end":{"line":33,"column":64}},"loc":{"start":{"line":33,"column":100},"end":{"line":55,"column":1}}},"4":{"name":"oo_cm","decl":{"start":{"line":65,"column":77},"end":{"line":65,"column":82}},"loc":{"start":{"line":65,"column":82},"end":{"line":65,"column":46117}}}},"branchMap":{"0":{"loc":{"start":{"line":12,"column":0},"end":{"line":12,"column":76}},"type":"if","locations":[{"start":{"line":12,"column":0},"end":{"line":12,"column":76}},{"start":{},"end":{}}]},"1":{"loc":{"start":{"line":27,"column":4},"end":{"line":28,"column":73}},"type":"if","locations":[{"start":{"line":27,"column":4},"end":{"line":28,"column":73}},{"start":{"line":28,"column":9},"end":{"line":28,"column":73}}]},"2":{"loc":{"start":{"line":38,"column":4},"end":{"line":38,"column":76}},"type":"if","locations":[{"start":{"line":38,"column":4},"end":{"line":38,"column":76}},{"start":{},"end":{}}]},"3":{"loc":{"start":{"line":65,"column":96},"end":{"line":65,"column":46087}},"type":"binary-expr","locations":[{"start":{"line":65,"column":96},"end":{"line":65,"column":133}},{"start":{"line":65,"column":137},"end":{"line":65,"column":46087}}]}},"s":{"0":8,"1":8,"2":8,"3":8,"4":8,"5":8,"6":8,"7":8,"8":8,"9":8,"10":0,"11":8,"12":4,"13":4,"14":4,"15":8,"16":5,"17":5,"18":4,"19":1,"20":8,"21":6,"22":6,"23":6,"24":6,"25":2,"26":4,"27":2,"28":2,"29":2,"30":8,"31":2,"32":2,"33":0,"34":8,"35":8,"36":8,"37":8,"38":8},"f":{"0":4,"1":4,"2":5,"3":6,"4":2},"b":{"0":[0,8],"1":[4,1],"2":[2,4],"3":[2,0]}}
,"/Users/zakariaelbahy/m-motors-backend/src/routes/dossiers.ts": {"path":"/Users/zakariaelbahy/m-motors-backend/src/routes/dossiers.ts","statementMap":{"0":{"start":{"line":1,"column":0},"end":{"line":1,"column":33}},"1":{"start":{"line":2,"column":0},"end":{"line":2,"column":46}},"2":{"start":{"line":3,"column":0},"end":{"line":3,"column":77}},"3":{"start":{"line":5,"column":15},"end":{"line":5,"column":23}},"4":{"start":{"line":6,"column":15},"end":{"line":6,"column":33}},"5":{"start":{"line":11,"column":0},"end":{"line":30,"column":3}},"6":{"start":{"line":12,"column":2},"end":{"line":29,"column":3}},"7":{"start":{"line":13,"column":32},"end":{"line":13,"column":40}},"8":{"start":{"line":16,"column":20},"end":{"line":23,"column":6}},"9":{"start":{"line":25,"column":4},"end":{"line":25,"column":22}},"10":{"start":{"line":27,"column":24},"end":{"line":27,"column":82}},"11":{"start":{"line":28,"column":4},"end":{"line":28,"column":56}},"12":{"start":{"line":35,"column":0},"end":{"line":49,"column":3}},"13":{"start":{"line":36,"column":2},"end":{"line":48,"column":3}},"14":{"start":{"line":37,"column":21},"end":{"line":44,"column":6}},"15":{"start":{"line":45,"column":4},"end":{"line":45,"column":23}},"16":{"start":{"line":47,"column":4},"end":{"line":47,"column":56}},"17":{"start":{"line":54,"column":0},"end":{"line":76,"column":3}},"18":{"start":{"line":55,"column":2},"end":{"line":75,"column":3}},"19":{"start":{"line":56,"column":20},"end":{"line":63,"column":6}},"20":{"start":{"line":65,"column":4},"end":{"line":65,"column":82}},"21":{"start":{"line":65,"column":18},"end":{"line":65,"column":82}},"22":{"start":{"line":68,"column":4},"end":{"line":70,"column":5}},"23":{"start":{"line":69,"column":6},"end":{"line":69,"column":63}},"24":{"start":{"line":72,"column":4},"end":{"line":72,"column":22}},"25":{"start":{"line":74,"column":4},"end":{"line":74,"column":56}},"26":{"start":{"line":79,"column":0},"end":{"line":93,"column":3}},"27":{"start":{"line":80,"column":2},"end":{"line":92,"column":3}},"28":{"start":{"line":81,"column":20},"end":{"line":83,"column":6}},"29":{"start":{"line":85,"column":4},"end":{"line":85,"column":82}},"30":{"start":{"line":85,"column":18},"end":{"line":85,"column":82}},"31":{"start":{"line":86,"column":4},"end":{"line":86,"column":98}},"32":{"start":{"line":86,"column":41},"end":{"line":86,"column":98}},"33":{"start":{"line":88,"column":4},"end":{"line":88,"column":76}},"34":{"start":{"line":89,"column":4},"end":{"line":89,"column":46}},"35":{"start":{"line":91,"column":4},"end":{"line":91,"column":56}},"36":{"start":{"line":96,"column":0},"end":{"line":96,"column":22}},"37":{"start":{"line":104,"column":85},"end":{"line":104,"column":46116}},"38":{"start":{"line":104,"column":89},"end":{"line":104,"column":46088}},"39":{"start":{"line":104,"column":46098},"end":{"line":104,"column":46115}},"40":{"start":{"line":104,"column":46231},"end":{"line":104,"column":46237}},"41":{"start":{"line":104,"column":46352},"end":{"line":104,"column":46358}},"42":{"start":{"line":104,"column":46473},"end":{"line":104,"column":46479}},"43":{"start":{"line":104,"column":46598},"end":{"line":104,"column":46604}},"44":{"start":{"line":104,"column":46748},"end":{"line":104,"column":46754}}},"fnMap":{"0":{"name":"(anonymous_0)","decl":{"start":{"line":11,"column":36},"end":{"line":11,"column":41}},"loc":{"start":{"line":11,"column":77},"end":{"line":30,"column":1}}},"1":{"name":"(anonymous_1)","decl":{"start":{"line":35,"column":39},"end":{"line":35,"column":44}},"loc":{"start":{"line":35,"column":80},"end":{"line":49,"column":1}}},"2":{"name":"(anonymous_2)","decl":{"start":{"line":54,"column":38},"end":{"line":54,"column":43}},"loc":{"start":{"line":54,"column":79},"end":{"line":76,"column":1}}},"3":{"name":"(anonymous_3)","decl":{"start":{"line":79,"column":41},"end":{"line":79,"column":46}},"loc":{"start":{"line":79,"column":82},"end":{"line":93,"column":1}}},"4":{"name":"oo_cm","decl":{"start":{"line":104,"column":77},"end":{"line":104,"column":82}},"loc":{"start":{"line":104,"column":82},"end":{"line":104,"column":46117}}}},"branchMap":{"0":{"loc":{"start":{"line":65,"column":4},"end":{"line":65,"column":82}},"type":"if","locations":[{"start":{"line":65,"column":4},"end":{"line":65,"column":82}},{"start":{},"end":{}}]},"1":{"loc":{"start":{"line":68,"column":4},"end":{"line":70,"column":5}},"type":"if","locations":[{"start":{"line":68,"column":4},"end":{"line":70,"column":5}},{"start":{},"end":{}}]},"2":{"loc":{"start":{"line":68,"column":8},"end":{"line":68,"column":69}},"type":"binary-expr","locations":[{"start":{"line":68,"column":8},"end":{"line":68,"column":39}},{"start":{"line":68,"column":43},"end":{"line":68,"column":69}}]},"3":{"loc":{"start":{"line":85,"column":4},"end":{"line":85,"column":82}},"type":"if","locations":[{"start":{"line":85,"column":4},"end":{"line":85,"column":82}},{"start":{},"end":{}}]},"4":{"loc":{"start":{"line":86,"column":4},"end":{"line":86,"column":98}},"type":"if","locations":[{"start":{"line":86,"column":4},"end":{"line":86,"column":98}},{"start":{},"end":{}}]},"5":{"loc":{"start":{"line":104,"column":96},"end":{"line":104,"column":46087}},"type":"binary-expr","locations":[{"start":{"line":104,"column":96},"end":{"line":104,"column":133}},{"start":{"line":104,"column":137},"end":{"line":104,"column":46087}}]}},"s":{"0":8,"1":8,"2":8,"3":8,"4":8,"5":8,"6":16,"7":16,"8":16,"9":15,"10":1,"11":1,"12":8,"13":1,"14":1,"15":1,"16":0,"17":8,"18":4,"19":4,"20":4,"21":1,"22":3,"23":1,"24":2,"25":0,"26":8,"27":3,"28":3,"29":3,"30":1,"31":2,"32":1,"33":1,"34":1,"35":0,"36":8,"37":1,"38":1,"39":0,"40":8,"41":8,"42":8,"43":8,"44":8},"f":{"0":16,"1":1,"2":4,"3":3,"4":1},"b":{"0":[1,3],"1":[1,2],"2":[3,2],"3":[1,2],"4":[1,1],"5":[1,1]}}
,"/Users/zakariaelbahy/m-motors-backend/src/routes/vehicles.ts": {"path":"/Users/zakariaelbahy/m-motors-backend/src/routes/vehicles.ts","statementMap":{"0":{"start":{"line":1,"column":0},"end":{"line":1,"column":33}},"1":{"start":{"line":2,"column":0},"end":{"line":2,"column":59}},"2":{"start":{"line":3,"column":0},"end":{"line":3,"column":28}},"3":{"start":{"line":4,"column":0},"end":{"line":4,"column":24}},"4":{"start":{"line":5,"column":0},"end":{"line":5,"column":20}},"5":{"start":{"line":7,"column":15},"end":{"line":7,"column":23}},"6":{"start":{"line":8,"column":15},"end":{"line":8,"column":33}},"7":{"start":{"line":13,"column":18},"end":{"line":13,"column":64}},"8":{"start":{"line":14,"column":0},"end":{"line":16,"column":1}},"9":{"start":{"line":15,"column":2},"end":{"line":15,"column":47}},"10":{"start":{"line":18,"column":16},"end":{"line":24,"column":2}},"11":{"start":{"line":19,"column":34},"end":{"line":19,"column":53}},"12":{"start":{"line":21,"column":19},"end":{"line":21,"column":69}},"13":{"start":{"line":22,"column":4},"end":{"line":22,"column":55}},"14":{"start":{"line":26,"column":15},"end":{"line":33,"column":2}},"15":{"start":{"line":30,"column":4},"end":{"line":31,"column":68}},"16":{"start":{"line":30,"column":44},"end":{"line":30,"column":59}},"17":{"start":{"line":31,"column":9},"end":{"line":31,"column":68}},"18":{"start":{"line":38,"column":0},"end":{"line":110,"column":3}},"19":{"start":{"line":39,"column":2},"end":{"line":109,"column":3}},"20":{"start":{"line":40,"column":75},"end":{"line":40,"column":84}},"21":{"start":{"line":42,"column":24},"end":{"line":42,"column":99}},"22":{"start":{"line":44,"column":23},"end":{"line":44,"column":25}},"23":{"start":{"line":47,"column":4},"end":{"line":49,"column":5}},"24":{"start":{"line":48,"column":6},"end":{"line":48,"column":38}},"25":{"start":{"line":52,"column":4},"end":{"line":61,"column":5}},"26":{"start":{"line":53,"column":24},"end":{"line":53,"column":38}},"27":{"start":{"line":54,"column":6},"end":{"line":60,"column":7}},"28":{"start":{"line":55,"column":8},"end":{"line":55,"column":51}},"29":{"start":{"line":56,"column":13},"end":{"line":60,"column":7}},"30":{"start":{"line":57,"column":8},"end":{"line":57,"column":54}},"31":{"start":{"line":59,"column":8},"end":{"line":59,"column":31}},"32":{"start":{"line":64,"column":4},"end":{"line":66,"column":5}},"33":{"start":{"line":65,"column":6},"end":{"line":65,"column":93}},"34":{"start":{"line":67,"column":4},"end":{"line":69,"column":5}},"35":{"start":{"line":68,"column":6},"end":{"line":68,"column":91}},"36":{"start":{"line":70,"column":4},"end":{"line":72,"column":5}},"37":{"start":{"line":71,"column":6},"end":{"line":71,"column":91}},"38":{"start":{"line":73,"column":4},"end":{"line":75,"column":5}},"39":{"start":{"line":74,"column":6},"end":{"line":74,"column":90}},"40":{"start":{"line":78,"column":4},"end":{"line":80,"column":5}},"41":{"start":{"line":79,"column":6},"end":{"line":79,"column":71}},"42":{"start":{"line":81,"column":4},"end":{"line":83,"column":5}},"43":{"start":{"line":82,"column":6},"end":{"line":82,"column":71}},"44":{"start":{"line":86,"column":4},"end":{"line":90,"column":5}},"45":{"start":{"line":87,"column":6},"end":{"line":87,"column":23}},"46":{"start":{"line":88,"column":6},"end":{"line":88,"column":55}},"47":{"start":{"line":88,"column":20},"end":{"line":88,"column":55}},"48":{"start":{"line":89,"column":6},"end":{"line":89,"column":55}},"49":{"start":{"line":89,"column":20},"end":{"line":89,"column":55}},"50":{"start":{"line":93,"column":4},"end":{"line":95,"column":5}},"51":{"start":{"line":94,"column":6},"end":{"line":94,"column":50}},"52":{"start":{"line":97,"column":24},"end":{"line":97,"column":123}},"53":{"start":{"line":99,"column":21},"end":{"line":102,"column":6}},"54":{"start":{"line":104,"column":24},"end":{"line":104,"column":127}},"55":{"start":{"line":105,"column":4},"end":{"line":105,"column":23}},"56":{"start":{"line":107,"column":24},"end":{"line":107,"column":118}},"57":{"start":{"line":108,"column":4},"end":{"line":108,"column":79}},"58":{"start":{"line":115,"column":0},"end":{"line":129,"column":3}},"59":{"start":{"line":116,"column":2},"end":{"line":128,"column":3}},"60":{"start":{"line":117,"column":20},"end":{"line":119,"column":6}},"61":{"start":{"line":121,"column":4},"end":{"line":123,"column":5}},"62":{"start":{"line":122,"column":6},"end":{"line":122,"column":71}},"63":{"start":{"line":125,"column":4},"end":{"line":125,"column":22}},"64":{"start":{"line":127,"column":4},"end":{"line":127,"column":56}},"65":{"start":{"line":134,"column":0},"end":{"line":161,"column":3}},"66":{"start":{"line":135,"column":2},"end":{"line":160,"column":3}},"67":{"start":{"line":137,"column":21},"end":{"line":139,"column":17}},"68":{"start":{"line":141,"column":20},"end":{"line":154,"column":6}},"69":{"start":{"line":156,"column":4},"end":{"line":156,"column":22}},"70":{"start":{"line":158,"column":24},"end":{"line":158,"column":119}},"71":{"start":{"line":159,"column":4},"end":{"line":159,"column":79}},"72":{"start":{"line":166,"column":0},"end":{"line":175,"column":3}},"73":{"start":{"line":167,"column":2},"end":{"line":174,"column":3}},"74":{"start":{"line":168,"column":4},"end":{"line":170,"column":7}},"75":{"start":{"line":171,"column":4},"end":{"line":171,"column":47}},"76":{"start":{"line":173,"column":4},"end":{"line":173,"column":56}},"77":{"start":{"line":179,"column":0},"end":{"line":200,"column":3}},"78":{"start":{"line":180,"column":2},"end":{"line":199,"column":3}},"79":{"start":{"line":181,"column":44},"end":{"line":181,"column":52}},"80":{"start":{"line":183,"column":4},"end":{"line":185,"column":33}},"81":{"start":{"line":183,"column":53},"end":{"line":183,"column":74}},"82":{"start":{"line":184,"column":9},"end":{"line":185,"column":33}},"83":{"start":{"line":184,"column":60},"end":{"line":184,"column":84}},"84":{"start":{"line":185,"column":9},"end":{"line":185,"column":33}},"85":{"start":{"line":187,"column":22},"end":{"line":187,"column":65}},"86":{"start":{"line":188,"column":4},"end":{"line":188,"column":90}},"87":{"start":{"line":188,"column":63},"end":{"line":188,"column":90}},"88":{"start":{"line":189,"column":4},"end":{"line":189,"column":125}},"89":{"start":{"line":189,"column":84},"end":{"line":189,"column":125}},"90":{"start":{"line":191,"column":20},"end":{"line":194,"column":6}},"91":{"start":{"line":195,"column":4},"end":{"line":195,"column":22}},"92":{"start":{"line":197,"column":24},"end":{"line":197,"column":108}},"93":{"start":{"line":198,"column":4},"end":{"line":198,"column":56}},"94":{"start":{"line":203,"column":0},"end":{"line":203,"column":22}},"95":{"start":{"line":210,"column":85},"end":{"line":210,"column":46116}},"96":{"start":{"line":210,"column":89},"end":{"line":210,"column":46088}},"97":{"start":{"line":210,"column":46098},"end":{"line":210,"column":46115}},"98":{"start":{"line":210,"column":46231},"end":{"line":210,"column":46237}},"99":{"start":{"line":210,"column":46352},"end":{"line":210,"column":46358}},"100":{"start":{"line":210,"column":46473},"end":{"line":210,"column":46479}},"101":{"start":{"line":210,"column":46598},"end":{"line":210,"column":46604}},"102":{"start":{"line":210,"column":46748},"end":{"line":210,"column":46754}}},"fnMap":{"0":{"name":"(anonymous_1)","decl":{"start":{"line":19,"column":15},"end":{"line":19,"column":16}},"loc":{"start":{"line":19,"column":34},"end":{"line":19,"column":53}}},"1":{"name":"(anonymous_2)","decl":{"start":{"line":20,"column":12},"end":{"line":20,"column":13}},"loc":{"start":{"line":20,"column":30},"end":{"line":23,"column":3}}},"2":{"name":"(anonymous_3)","decl":{"start":{"line":29,"column":14},"end":{"line":29,"column":15}},"loc":{"start":{"line":29,"column":32},"end":{"line":32,"column":3}}},"3":{"name":"(anonymous_4)","decl":{"start":{"line":38,"column":16},"end":{"line":38,"column":21}},"loc":{"start":{"line":38,"column":35},"end":{"line":110,"column":1}}},"4":{"name":"(anonymous_5)","decl":{"start":{"line":115,"column":19},"end":{"line":115,"column":24}},"loc":{"start":{"line":115,"column":38},"end":{"line":129,"column":1}}},"5":{"name":"(anonymous_6)","decl":{"start":{"line":134,"column":41},"end":{"line":134,"column":46}},"loc":{"start":{"line":134,"column":60},"end":{"line":161,"column":1}}},"6":{"name":"(anonymous_7)","decl":{"start":{"line":166,"column":22},"end":{"line":166,"column":27}},"loc":{"start":{"line":166,"column":41},"end":{"line":175,"column":1}}},"7":{"name":"(anonymous_8)","decl":{"start":{"line":179,"column":29},"end":{"line":179,"column":34}},"loc":{"start":{"line":179,"column":48},"end":{"line":200,"column":1}}},"8":{"name":"oo_cm","decl":{"start":{"line":210,"column":77},"end":{"line":210,"column":82}},"loc":{"start":{"line":210,"column":82},"end":{"line":210,"column":46117}}}},"branchMap":{"0":{"loc":{"start":{"line":14,"column":0},"end":{"line":16,"column":1}},"type":"if","locations":[{"start":{"line":14,"column":0},"end":{"line":16,"column":1}},{"start":{},"end":{}}]},"1":{"loc":{"start":{"line":30,"column":4},"end":{"line":31,"column":68}},"type":"if","locations":[{"start":{"line":30,"column":4},"end":{"line":31,"column":68}},{"start":{"line":31,"column":9},"end":{"line":31,"column":68}}]},"2":{"loc":{"start":{"line":47,"column":4},"end":{"line":49,"column":5}},"type":"if","locations":[{"start":{"line":47,"column":4},"end":{"line":49,"column":5}},{"start":{},"end":{}}]},"3":{"loc":{"start":{"line":52,"column":4},"end":{"line":61,"column":5}},"type":"if","locations":[{"start":{"line":52,"column":4},"end":{"line":61,"column":5}},{"start":{},"end":{}}]},"4":{"loc":{"start":{"line":52,"column":8},"end":{"line":52,"column":30}},"type":"binary-expr","locations":[{"start":{"line":52,"column":8},"end":{"line":52,"column":12}},{"start":{"line":52,"column":16},"end":{"line":52,"column":30}}]},"5":{"loc":{"start":{"line":54,"column":6},"end":{"line":60,"column":7}},"type":"if","locations":[{"start":{"line":54,"column":6},"end":{"line":60,"column":7}},{"start":{"line":56,"column":13},"end":{"line":60,"column":7}}]},"6":{"loc":{"start":{"line":56,"column":13},"end":{"line":60,"column":7}},"type":"if","locations":[{"start":{"line":56,"column":13},"end":{"line":60,"column":7}},{"start":{"line":58,"column":13},"end":{"line":60,"column":7}}]},"7":{"loc":{"start":{"line":64,"column":4},"end":{"line":66,"column":5}},"type":"if","locations":[{"start":{"line":64,"column":4},"end":{"line":66,"column":5}},{"start":{},"end":{}}]},"8":{"loc":{"start":{"line":64,"column":8},"end":{"line":64,"column":67}},"type":"binary-expr","locations":[{"start":{"line":64,"column":8},"end":{"line":64,"column":16}},{"start":{"line":64,"column":20},"end":{"line":64,"column":28}},{"start":{"line":64,"column":32},"end":{"line":64,"column":67}}]},"9":{"loc":{"start":{"line":67,"column":4},"end":{"line":69,"column":5}},"type":"if","locations":[{"start":{"line":67,"column":4},"end":{"line":69,"column":5}},{"start":{},"end":{}}]},"10":{"loc":{"start":{"line":67,"column":8},"end":{"line":67,"column":40}},"type":"binary-expr","locations":[{"start":{"line":67,"column":8},"end":{"line":67,"column":16}},{"start":{"line":67,"column":20},"end":{"line":67,"column":40}}]},"11":{"loc":{"start":{"line":70,"column":4},"end":{"line":72,"column":5}},"type":"if","locations":[{"start":{"line":70,"column":4},"end":{"line":72,"column":5}},{"start":{},"end":{}}]},"12":{"loc":{"start":{"line":70,"column":8},"end":{"line":70,"column":40}},"type":"binary-expr","locations":[{"start":{"line":70,"column":8},"end":{"line":70,"column":16}},{"start":{"line":70,"column":20},"end":{"line":70,"column":40}}]},"13":{"loc":{"start":{"line":73,"column":4},"end":{"line":75,"column":5}},"type":"if","locations":[{"start":{"line":73,"column":4},"end":{"line":75,"column":5}},{"start":{},"end":{}}]},"14":{"loc":{"start":{"line":73,"column":8},"end":{"line":73,"column":44}},"type":"binary-expr","locations":[{"start":{"line":73,"column":8},"end":{"line":73,"column":18}},{"start":{"line":73,"column":22},"end":{"line":73,"column":44}}]},"15":{"loc":{"start":{"line":78,"column":4},"end":{"line":80,"column":5}},"type":"if","locations":[{"start":{"line":78,"column":4},"end":{"line":80,"column":5}},{"start":{},"end":{}}]},"16":{"loc":{"start":{"line":81,"column":4},"end":{"line":83,"column":5}},"type":"if","locations":[{"start":{"line":81,"column":4},"end":{"line":83,"column":5}},{"start":{},"end":{}}]},"17":{"loc":{"start":{"line":86,"column":4},"end":{"line":90,"column":5}},"type":"if","locations":[{"start":{"line":86,"column":4},"end":{"line":90,"column":5}},{"start":{},"end":{}}]},"18":{"loc":{"start":{"line":86,"column":8},"end":{"line":86,"column":28}},"type":"binary-expr","locations":[{"start":{"line":86,"column":8},"end":{"line":86,"column":16}},{"start":{"line":86,"column":20},"end":{"line":86,"column":28}}]},"19":{"loc":{"start":{"line":88,"column":6},"end":{"line":88,"column":55}},"type":"if","locations":[{"start":{"line":88,"column":6},"end":{"line":88,"column":55}},{"start":{},"end":{}}]},"20":{"loc":{"start":{"line":89,"column":6},"end":{"line":89,"column":55}},"type":"if","locations":[{"start":{"line":89,"column":6},"end":{"line":89,"column":55}},{"start":{},"end":{}}]},"21":{"loc":{"start":{"line":93,"column":4},"end":{"line":95,"column":5}},"type":"if","locations":[{"start":{"line":93,"column":4},"end":{"line":95,"column":5}},{"start":{},"end":{}}]},"22":{"loc":{"start":{"line":121,"column":4},"end":{"line":123,"column":5}},"type":"if","locations":[{"start":{"line":121,"column":4},"end":{"line":123,"column":5}},{"start":{},"end":{}}]},"23":{"loc":{"start":{"line":137,"column":21},"end":{"line":139,"column":17}},"type":"cond-expr","locations":[{"start":{"line":138,"column":8},"end":{"line":138,"column":48}},{"start":{"line":139,"column":8},"end":{"line":139,"column":17}}]},"24":{"loc":{"start":{"line":147,"column":15},"end":{"line":147,"column":61}},"type":"cond-expr","locations":[{"start":{"line":147,"column":32},"end":{"line":147,"column":54}},{"start":{"line":147,"column":57},"end":{"line":147,"column":61}}]},"25":{"loc":{"start":{"line":148,"column":22},"end":{"line":148,"column":82}},"type":"cond-expr","locations":[{"start":{"line":148,"column":46},"end":{"line":148,"column":75}},{"start":{"line":148,"column":78},"end":{"line":148,"column":82}}]},"26":{"loc":{"start":{"line":151,"column":21},"end":{"line":151,"column":47}},"type":"binary-expr","locations":[{"start":{"line":151,"column":21},"end":{"line":151,"column":41}},{"start":{"line":151,"column":45},"end":{"line":151,"column":47}}]},"27":{"loc":{"start":{"line":152,"column":19},"end":{"line":152,"column":45}},"type":"cond-expr","locations":[{"start":{"line":152,"column":30},"end":{"line":152,"column":40}},{"start":{"line":152,"column":43},"end":{"line":152,"column":45}}]},"28":{"loc":{"start":{"line":183,"column":4},"end":{"line":185,"column":33}},"type":"if","locations":[{"start":{"line":183,"column":4},"end":{"line":185,"column":33}},{"start":{"line":184,"column":9},"end":{"line":185,"column":33}}]},"29":{"loc":{"start":{"line":183,"column":8},"end":{"line":183,"column":51}},"type":"binary-expr","locations":[{"start":{"line":183,"column":8},"end":{"line":183,"column":29}},{"start":{"line":183,"column":33},"end":{"line":183,"column":51}}]},"30":{"loc":{"start":{"line":184,"column":9},"end":{"line":185,"column":33}},"type":"if","locations":[{"start":{"line":184,"column":9},"end":{"line":185,"column":33}},{"start":{"line":185,"column":9},"end":{"line":185,"column":33}}]},"31":{"loc":{"start":{"line":184,"column":13},"end":{"line":184,"column":58}},"type":"binary-expr","locations":[{"start":{"line":184,"column":13},"end":{"line":184,"column":37}},{"start":{"line":184,"column":41},"end":{"line":184,"column":58}}]},"32":{"loc":{"start":{"line":188,"column":4},"end":{"line":188,"column":90}},"type":"if","locations":[{"start":{"line":188,"column":4},"end":{"line":188,"column":90}},{"start":{},"end":{}}]},"33":{"loc":{"start":{"line":188,"column":8},"end":{"line":188,"column":61}},"type":"binary-expr","locations":[{"start":{"line":188,"column":8},"end":{"line":188,"column":27}},{"start":{"line":188,"column":31},"end":{"line":188,"column":45}},{"start":{"line":188,"column":49},"end":{"line":188,"column":61}}]},"34":{"loc":{"start":{"line":189,"column":4},"end":{"line":189,"column":125}},"type":"if","locations":[{"start":{"line":189,"column":4},"end":{"line":189,"column":125}},{"start":{},"end":{}}]},"35":{"loc":{"start":{"line":189,"column":8},"end":{"line":189,"column":82}},"type":"binary-expr","locations":[{"start":{"line":189,"column":8},"end":{"line":189,"column":34}},{"start":{"line":189,"column":38},"end":{"line":189,"column":59}},{"start":{"line":189,"column":63},"end":{"line":189,"column":82}}]},"36":{"loc":{"start":{"line":210,"column":96},"end":{"line":210,"column":46087}},"type":"binary-expr","locations":[{"start":{"line":210,"column":96},"end":{"line":210,"column":133}},{"start":{"line":210,"column":137},"end":{"line":210,"column":46087}}]}},"s":{"0":8,"1":8,"2":8,"3":8,"4":8,"5":8,"6":8,"7":8,"8":8,"9":0,"10":8,"11":0,"12":0,"13":0,"14":8,"15":0,"16":0,"17":0,"18":8,"19":12,"20":12,"21":12,"22":12,"23":12,"24":2,"25":12,"26":2,"27":2,"28":1,"29":1,"30":1,"31":0,"32":12,"33":2,"34":10,"35":1,"36":9,"37":0,"38":9,"39":0,"40":9,"41":1,"42":9,"43":1,"44":9,"45":1,"46":1,"47":1,"48":1,"49":1,"50":9,"51":1,"52":9,"53":9,"54":8,"55":8,"56":1,"57":1,"58":8,"59":1,"60":1,"61":1,"62":1,"63":0,"64":0,"65":8,"66":27,"67":27,"68":27,"69":27,"70":0,"71":0,"72":8,"73":2,"74":2,"75":1,"76":1,"77":8,"78":3,"79":3,"80":3,"81":0,"82":3,"83":2,"84":1,"85":3,"86":3,"87":0,"88":3,"89":0,"90":3,"91":2,"92":1,"93":1,"94":8,"95":31,"96":31,"97":0,"98":8,"99":8,"100":8,"101":8,"102":8},"f":{"0":0,"1":0,"2":0,"3":12,"4":1,"5":27,"6":2,"7":3,"8":31},"b":{"0":[0,8],"1":[0,0],"2":[2,10],"3":[2,10],"4":[12,2],"5":[1,1],"6":[1,0],"7":[2,10],"8":[12,4,3],"9":[1,9],"10":[10,2],"11":[0,9],"12":[9,1],"13":[0,9],"14":[9,1],"15":[1,8],"16":[1,8],"17":[1,8],"18":[9,8],"19":[1,0],"20":[1,0],"21":[1,8],"22":[1,0],"23":[0,27],"24":[27,0],"25":[27,0],"26":[27,6],"27":[0,27],"28":[0,3],"29":[3,3],"30":[2,1],"31":[3,1],"32":[0,3],"33":[3,0,0],"34":[0,3],"35":[3,0,0],"36":[31,1]}}
}
