TN:
SF:src/middleware/auth.ts
FN:15,authenticateToken
FN:37,requireRole
FN:38,(anonymous_3)
FNF:3
FNH:3
FNDA:55,authenticateToken
FNDA:32,requireRole
FNDA:13,(anonymous_3)
DA:2,8
DA:3,8
DA:15,8
DA:16,55
DA:17,55
DA:19,55
DA:20,5
DA:23,50
DA:24,50
DA:25,49
DA:30,49
DA:32,1
DA:37,8
DA:38,32
DA:39,13
DA:40,0
DA:42,13
DA:43,3
DA:45,10
LF:19
LH:18
BRDA:17,0,0,55
BRDA:17,0,1,51
BRDA:19,1,0,5
BRDA:19,1,1,50
BRDA:39,2,0,0
BRDA:39,2,1,13
BRDA:42,3,0,3
BRDA:42,3,1,10
BRF:8
BRH:7
end_of_record
TN:
SF:src/routes/admin.ts
FN:9,(anonymous_0)
FN:33,(anonymous_1)
FNF:2
FNH:2
FNDA:1,(anonymous_0)
FNDA:6,(anonymous_1)
DA:1,8
DA:2,8
DA:3,8
DA:5,8
DA:6,8
DA:9,8
DA:10,1
DA:11,1
DA:13,1
DA:14,1
DA:16,1
DA:25,1
DA:27,0
DA:33,8
DA:34,6
DA:35,6
DA:38,6
DA:43,6
DA:45,5
DA:46,5
DA:49,5
DA:58,5
DA:69,5
DA:72,5
DA:78,0
DA:79,0
DA:84,8
LF:27
LH:24
BRDA:14,0,0,0
BRDA:14,0,1,1
BRDA:43,1,0,1
BRDA:43,1,1,5
BRDA:53,2,0,5
BRDA:53,2,1,5
BRDA:64,3,0,5
BRDA:64,3,1,5
BRDA:69,4,0,5
BRDA:69,4,1,5
BRF:10
BRH:9
end_of_record
TN:
SF:src/routes/appointments.ts
FN:9,(anonymous_0)
FN:45,(anonymous_1)
FN:59,(anonymous_2)
FN:72,(anonymous_3)
FNF:4
FNH:4
FNDA:7,(anonymous_0)
FNDA:1,(anonymous_1)
FNDA:1,(anonymous_2)
FNDA:2,(anonymous_3)
DA:1,8
DA:2,8
DA:3,8
DA:5,8
DA:6,8
DA:9,8
DA:10,7
DA:11,7
DA:13,7
DA:16,6
DA:17,6
DA:20,5
DA:23,5
DA:24,1
DA:27,4
DA:37,4
DA:39,0
DA:40,0
DA:45,8
DA:46,1
DA:47,1
DA:52,1
DA:54,0
DA:59,8
DA:60,1
DA:61,1
DA:65,1
DA:67,0
DA:72,8
DA:73,2
DA:74,2
DA:76,2
DA:82,1
DA:83,1
DA:85,1
DA:89,8
LF:36
LH:32
BRDA:13,0,0,1
BRDA:13,0,1,6
BRDA:17,1,0,1
BRDA:17,1,1,5
BRDA:23,2,0,1
BRDA:23,2,1,4
BRDA:78,3,0,2
BRDA:78,3,1,2
BRF:8
BRH:8
end_of_record
TN:
SF:src/routes/auth.ts
FN:14,(anonymous_1)
FN:58,(anonymous_2)
FN:97,(anonymous_3)
FN:116,oo_cm
FNF:4
FNH:4
FNDA:44,(anonymous_1)
FNDA:12,(anonymous_2)
FNDA:1,(anonymous_3)
FNDA:2,oo_cm
DA:1,8
DA:2,8
DA:3,8
DA:4,8
DA:5,8
DA:6,8
DA:8,8
DA:9,8
DA:14,8
DA:15,44
DA:16,44
DA:19,44
DA:20,44
DA:21,1
DA:25,43
DA:28,42
DA:33,42
DA:39,42
DA:50,1
DA:51,1
DA:58,8
DA:59,12
DA:60,12
DA:62,12
DA:63,11
DA:64,2
DA:67,9
DA:68,9
DA:69,0
DA:72,9
DA:78,9
DA:89,1
DA:90,1
DA:97,8
DA:98,1
DA:99,1
DA:103,1
DA:105,0
DA:109,8
DA:116,8
LF:40
LH:38
BRDA:20,0,0,1
BRDA:20,0,1,43
BRDA:63,1,0,2
BRDA:63,1,1,9
BRDA:68,2,0,0
BRDA:68,2,1,9
BRDA:116,3,0,2
BRDA:116,3,1,1
BRF:8
BRH:7
end_of_record
TN:
SF:src/routes/documents.ts
FN:15,(anonymous_1)
FN:16,(anonymous_2)
FN:25,(anonymous_3)
FN:33,(anonymous_4)
FN:65,oo_cm
FNF:5
FNH:5
FNDA:3,(anonymous_1)
FNDA:3,(anonymous_2)
FNDA:4,(anonymous_3)
FNDA:5,(anonymous_4)
FNDA:2,oo_cm
DA:1,8
DA:2,8
DA:3,8
DA:4,8
DA:5,8
DA:6,8
DA:8,8
DA:9,8
DA:11,8
DA:12,8
DA:14,8
DA:15,3
DA:17,3
DA:18,3
DA:22,8
DA:26,4
DA:27,4
DA:28,1
DA:33,8
DA:34,5
DA:35,5
DA:36,5
DA:38,5
DA:40,3
DA:50,1
DA:52,2
DA:53,2
DA:57,8
DA:65,8
LF:29
LH:29
BRDA:12,0,0,0
BRDA:12,0,1,8
BRDA:27,1,0,3
BRDA:27,1,1,1
BRDA:38,2,0,2
BRDA:38,2,1,3
BRDA:65,3,0,2
BRDA:65,3,1,0
BRF:8
BRH:6
end_of_record
TN:
SF:src/routes/dossiers.ts
FN:11,(anonymous_0)
FN:35,(anonymous_1)
FN:54,(anonymous_2)
FN:80,(anonymous_3)
FN:105,oo_cm
FNF:5
FNH:5
FNDA:14,(anonymous_0)
FNDA:1,(anonymous_1)
FNDA:3,(anonymous_2)
FNDA:3,(anonymous_3)
FNDA:1,oo_cm
DA:1,8
DA:2,8
DA:3,8
DA:5,8
DA:6,8
DA:11,8
DA:12,14
DA:13,14
DA:16,14
DA:25,13
DA:27,1
DA:28,1
DA:35,8
DA:36,1
DA:37,1
DA:45,1
DA:47,0
DA:54,8
DA:55,3
DA:56,3
DA:65,3
DA:68,2
DA:69,1
DA:72,1
DA:74,0
DA:80,8
DA:81,3
DA:82,3
DA:86,3
DA:87,2
DA:89,1
DA:90,1
DA:92,0
DA:97,8
DA:105,8
LF:35
LH:32
BRDA:65,0,0,1
BRDA:65,0,1,2
BRDA:68,1,0,1
BRDA:68,1,1,1
BRDA:68,2,0,2
BRDA:68,2,1,1
BRDA:86,3,0,1
BRDA:86,3,1,2
BRDA:87,4,0,1
BRDA:87,4,1,1
BRDA:105,5,0,1
BRDA:105,5,1,1
BRF:12
BRH:12
end_of_record
TN:
SF:src/routes/vehicles.ts
FN:19,(anonymous_1)
FN:20,(anonymous_2)
FN:29,(anonymous_3)
FN:38,(anonymous_4)
FN:115,(anonymous_5)
FN:134,(anonymous_6)
FN:166,(anonymous_7)
FN:180,(anonymous_8)
FN:211,oo_cm
FNF:9
FNH:6
FNDA:0,(anonymous_1)
FNDA:0,(anonymous_2)
FNDA:0,(anonymous_3)
FNDA:12,(anonymous_4)
FNDA:1,(anonymous_5)
FNDA:30,(anonymous_6)
FNDA:2,(anonymous_7)
FNDA:3,(anonymous_8)
FNDA:31,oo_cm
DA:1,8
DA:2,8
DA:3,8
DA:4,8
DA:5,8
DA:7,8
DA:8,8
DA:13,8
DA:14,8
DA:15,0
DA:18,8
DA:19,0
DA:21,0
DA:22,0
DA:26,8
DA:30,0
DA:31,0
DA:38,8
DA:39,12
DA:40,12
DA:42,12
DA:44,12
DA:47,12
DA:48,2
DA:52,12
DA:53,2
DA:54,2
DA:55,1
DA:56,1
DA:57,1
DA:59,0
DA:64,12
DA:65,2
DA:67,10
DA:68,1
DA:70,9
DA:71,0
DA:73,9
DA:74,0
DA:78,9
DA:79,1
DA:81,9
DA:82,1
DA:86,9
DA:87,1
DA:88,1
DA:89,1
DA:93,9
DA:94,1
DA:97,9
DA:99,9
DA:104,8
DA:105,8
DA:107,1
DA:108,1
DA:115,8
DA:116,1
DA:117,1
DA:121,1
DA:122,1
DA:125,0
DA:127,0
DA:134,8
DA:135,30
DA:137,30
DA:141,30
DA:156,30
DA:158,0
DA:159,0
DA:166,8
DA:167,2
DA:168,2
DA:171,1
DA:173,1
DA:180,8
DA:181,3
DA:182,3
DA:184,3
DA:185,3
DA:186,1
DA:188,3
DA:189,3
DA:190,3
DA:192,3
DA:196,2
DA:198,1
DA:199,1
DA:204,8
DA:211,31
LF:89
LH:76
BRDA:14,0,0,0
BRDA:14,0,1,8
BRDA:30,1,0,0
BRDA:30,1,1,0
BRDA:47,2,0,2
BRDA:47,2,1,10
BRDA:52,3,0,2
BRDA:52,3,1,10
BRDA:52,4,0,12
BRDA:52,4,1,2
BRDA:54,5,0,1
BRDA:54,5,1,1
BRDA:56,6,0,1
BRDA:56,6,1,0
BRDA:64,7,0,2
BRDA:64,7,1,10
BRDA:64,8,0,12
BRDA:64,8,1,4
BRDA:64,8,2,3
BRDA:67,9,0,1
BRDA:67,9,1,9
BRDA:67,10,0,10
BRDA:67,10,1,2
BRDA:70,11,0,0
BRDA:70,11,1,9
BRDA:70,12,0,9
BRDA:70,12,1,1
BRDA:73,13,0,0
BRDA:73,13,1,9
BRDA:73,14,0,9
BRDA:73,14,1,1
BRDA:78,15,0,1
BRDA:78,15,1,8
BRDA:81,16,0,1
BRDA:81,16,1,8
BRDA:86,17,0,1
BRDA:86,17,1,8
BRDA:86,18,0,9
BRDA:86,18,1,8
BRDA:88,19,0,1
BRDA:88,19,1,0
BRDA:89,20,0,1
BRDA:89,20,1,0
BRDA:93,21,0,1
BRDA:93,21,1,8
BRDA:121,22,0,1
BRDA:121,22,1,0
BRDA:137,23,0,0
BRDA:137,23,1,30
BRDA:147,24,0,30
BRDA:147,24,1,0
BRDA:148,25,0,30
BRDA:148,25,1,0
BRDA:151,26,0,30
BRDA:151,26,1,17
BRDA:152,27,0,0
BRDA:152,27,1,30
BRDA:184,28,0,0
BRDA:184,28,1,3
BRDA:184,29,0,3
BRDA:184,29,1,3
BRDA:185,30,0,2
BRDA:185,30,1,1
BRDA:185,31,0,3
BRDA:185,31,1,1
BRDA:189,32,0,0
BRDA:189,32,1,3
BRDA:189,33,0,3
BRDA:189,33,1,0
BRDA:189,33,2,0
BRDA:190,34,0,0
BRDA:190,34,1,3
BRDA:190,35,0,3
BRDA:190,35,1,0
BRDA:190,35,2,0
BRDA:211,36,0,31
BRDA:211,36,1,1
BRF:77
BRH:57
end_of_record
